Error[1224] C:\Documents and Settings\Saagar\Desktop\18f46j50\source\main.c 55 : configuration setting 'FOSC' not recognized
Error[1224] C:\Documents and Settings\Saagar\Desktop\18f46j50\source\main.c 56 : configuration setting 'PLLCFG' not recognized
Error[1224] C:\Documents and Settings\Saagar\Desktop\18f46j50\source\main.c 57 : configuration setting 'PRICLKEN' not recognized
Error[1224] C:\Documents and Settings\Saagar\Desktop\18f46j50\source\main.c 60 : configuration setting 'PWRTEN' not recognized
Error[1224] C:\Documents and Settings\Saagar\Desktop\18f46j50\source\main.c 61 : configuration setting 'BOREN' not recognized
Error[1224] C:\Documents and Settings\Saagar\Desktop\18f46j50\source\main.c 62 : configuration setting 'BORV' not recognized
Error[1224] C:\Documents and Settings\Saagar\Desktop\18f46j50\source\main.c 65 : configuration setting 'CCP2MX' not recognized
Error[1224] C:\Documents and Settings\Saagar\Desktop\18f46j50\source\main.c 66 : configuration setting 'PBADEN' not recognized
Error[1224] C:\Documents and Settings\Saagar\Desktop\18f46j50\source\main.c 68 : configuration setting 'MCLRE' not recognized
Error[1224] C:\Documents and Settings\Saagar\Desktop\18f46j50\source\main.c 71 : configuration setting 'LVP' not recognized
Error[1224] C:\Documents and Settings\Saagar\Desktop\18f46j50\source\main.c 73 : configuration setting 'CP1' not recognized
Error[1224] C:\Documents and Settings\Saagar\Desktop\18f46j50\source\main.c 74 : configuration setting 'CP2' not recognized
Error[1224] C:\Documents and Settings\Saagar\Desktop\18f46j50\source\main.c 75 : configuration setting 'CP3' not recognized
Error[1224] C:\Documents and Settings\Saagar\Desktop\18f46j50\source\main.c 76 : configuration setting 'CPB' not recognized
Error[1224] C:\Documents and Settings\Saagar\Desktop\18f46j50\source\main.c 77 : configuration setting 'CPD' not recognized
Error[1224] C:\Documents and Settings\Saagar\Desktop\18f46j50\source\main.c 78 : configuration setting 'WRT0' not recognized
Error[1224] C:\Documents and Settings\Saagar\Desktop\18f46j50\source\main.c 79 : configuration setting 'WRT1' not recognized
Error[1224] C:\Documents and Settings\Saagar\Desktop\18f46j50\source\main.c 80 : configuration setting 'WRT2' not recognized
Error[1224] C:\Documents and Settings\Saagar\Desktop\18f46j50\source\main.c 81 : configuration setting 'WRT3' not recognized
Error[1224] C:\Documents and Settings\Saagar\Desktop\18f46j50\source\main.c 82 : configuration setting 'WRTB' not recognized
Error[1224] C:\Documents and Settings\Saagar\Desktop\18f46j50\source\main.c 83 : configuration setting 'WRTC' not recognized
Error[1224] C:\Documents and Settings\Saagar\Desktop\18f46j50\source\main.c 84 : configuration setting 'WRTD' not recognized
Error[1224] C:\Documents and Settings\Saagar\Desktop\18f46j50\source\main.c 85 : configuration setting 'EBTR0' not recognized
Error[1224] C:\Documents and Settings\Saagar\Desktop\18f46j50\source\main.c 86 : configuration setting 'EBTR1' not recognized
Error[1224] C:\Documents and Settings\Saagar\Desktop\18f46j50\source\main.c 87 : configuration setting 'EBTR2' not recognized
